<?xml version="1.0" encoding="UTF-8"?>
<!-- Generated by org.testng.reporters.JUnitXMLReporter -->
<testsuite hostname="DESKTOP-0M1MH5T" ignored="0" name="linkedinTest" tests="4" failures="0" timestamp="2020-04-19T08:58:04 IST" time="90.604" errors="0">
  <testcase name="searchDDtTest" time="10.415" classname="com.qa.linkedin.testcase.SearchPeopleTest"/>
  <testcase name="searchDDtTest" time="9.977" classname="com.qa.linkedin.testcase.SearchPeopleTest"/>
  <testcase name="searchDDtTest" time="9.534" classname="com.qa.linkedin.testcase.SearchPeopleTest"/>
  <testcase name="searchDDtTest" time="9.711" classname="com.qa.linkedin.testcase.SearchPeopleTest"/>
</testsuite> <!-- linkedinTest -->
