<?xml version="1.0" encoding="UTF-8"?>
<!-- Generated by org.testng.reporters.JUnitXMLReporter -->
<testsuite hostname="DESKTOP-0M1MH5T" ignored="0" name="Default test" tests="4" failures="0" timestamp="2020-04-18T20:54:29 IST" time="85.46" errors="0">
  <testcase name="searchDDtTest" time="10.245" classname="com.qa.linkedin.testcase.SearchPeopleTest"/>
  <testcase name="searchDDtTest" time="9.661" classname="com.qa.linkedin.testcase.SearchPeopleTest"/>
  <testcase name="searchDDtTest" time="9.394" classname="com.qa.linkedin.testcase.SearchPeopleTest"/>
  <testcase name="searchDDtTest" time="9.601" classname="com.qa.linkedin.testcase.SearchPeopleTest"/>
</testsuite> <!-- Default test -->
