<?xml version="1.0" encoding="UTF-8"?>
<!-- Generated by org.testng.reporters.JUnitXMLReporter -->
<testsuite hostname="DESKTOP-0M1MH5T" ignored="0" name="linkedinTest" tests="4" failures="0" timestamp="2020-04-18T21:07:24 IST" time="75.363" errors="0">
  <testcase name="searchDDtTest" time="9.737" classname="com.qa.linkedin.testcase.SearchPeopleTest"/>
  <testcase name="searchDDtTest" time="9.708" classname="com.qa.linkedin.testcase.SearchPeopleTest"/>
  <testcase name="searchDDtTest" time="9.543" classname="com.qa.linkedin.testcase.SearchPeopleTest"/>
  <testcase name="searchDDtTest" time="9.491" classname="com.qa.linkedin.testcase.SearchPeopleTest"/>
</testsuite> <!-- linkedinTest -->
