<?xml version="1.0" encoding="UTF-8"?>
<testng-results skipped="0" failed="0" ignored="0" total="4" passed="4">
  <reporter-output>
    <line>
      <![CDATA[creating chromedriver object]]>
    </line>
  </reporter-output>
  <suite name="linkedinSuite" duration-ms="75363" started-at="2020-04-18T21:06:09 IST" finished-at="2020-04-18T21:07:24 IST">
    <groups>
    </groups>
    <test name="linkedinTest" duration-ms="75363" started-at="2020-04-18T21:06:09 IST" finished-at="2020-04-18T21:07:24 IST">
      <class name="com.qa.linkedin.testcase.SearchPeopleTest">
        <test-method status="PASS" signature="setup()[pri:0, instance:com.qa.linkedin.testcase.SearchPeopleTest@345965f2]" name="setup" is-config="true" duration-ms="11331" started-at="2020-04-18T21:06:09 IST" finished-at="2020-04-18T21:06:20 IST">
          <reporter-output>
            <line>
              <![CDATA[creating chromedriver object]]>
            </line>
          </reporter-output>
        </test-method> <!-- setup -->
        <test-method status="PASS" signature="beforeClass()[pri:0, instance:com.qa.linkedin.testcase.SearchPeopleTest@345965f2]" name="beforeClass" is-config="true" duration-ms="17446" started-at="2020-04-18T21:06:20 IST" finished-at="2020-04-18T21:06:38 IST">
          <reporter-output>
          </reporter-output>
        </test-method> <!-- beforeClass -->
        <test-method status="PASS" signature="searchDDtTest(java.lang.String)[pri:0, instance:com.qa.linkedin.testcase.SearchPeopleTest@345965f2]" name="searchDDtTest" duration-ms="9737" started-at="2020-04-18T21:06:39 IST" data-provider="testData" finished-at="2020-04-18T21:06:49 IST">
          <params>
            <param index="0">
              <value>
                <![CDATA[Divya]]>
              </value>
            </param>
          </params>
          <reporter-output>
          </reporter-output>
        </test-method> <!-- searchDDtTest -->
        <test-method status="PASS" signature="searchDDtTest(java.lang.String)[pri:0, instance:com.qa.linkedin.testcase.SearchPeopleTest@345965f2]" name="searchDDtTest" duration-ms="9708" started-at="2020-04-18T21:06:49 IST" data-provider="testData" finished-at="2020-04-18T21:06:59 IST">
          <params>
            <param index="0">
              <value>
                <![CDATA[suguna]]>
              </value>
            </param>
          </params>
          <reporter-output>
          </reporter-output>
        </test-method> <!-- searchDDtTest -->
        <test-method status="PASS" signature="searchDDtTest(java.lang.String)[pri:0, instance:com.qa.linkedin.testcase.SearchPeopleTest@345965f2]" name="searchDDtTest" duration-ms="9543" started-at="2020-04-18T21:06:59 IST" data-provider="testData" finished-at="2020-04-18T21:07:08 IST">
          <params>
            <param index="0">
              <value>
                <![CDATA[parimala]]>
              </value>
            </param>
          </params>
          <reporter-output>
          </reporter-output>
        </test-method> <!-- searchDDtTest -->
        <test-method status="PASS" signature="searchDDtTest(java.lang.String)[pri:0, instance:com.qa.linkedin.testcase.SearchPeopleTest@345965f2]" name="searchDDtTest" duration-ms="9491" started-at="2020-04-18T21:07:08 IST" data-provider="testData" finished-at="2020-04-18T21:07:18 IST">
          <params>
            <param index="0">
              <value>
                <![CDATA[vasu]]>
              </value>
            </param>
          </params>
          <reporter-output>
          </reporter-output>
        </test-method> <!-- searchDDtTest -->
        <test-method status="PASS" signature="afterClass()[pri:0, instance:com.qa.linkedin.testcase.SearchPeopleTest@345965f2]" name="afterClass" is-config="true" duration-ms="1940" started-at="2020-04-18T21:07:18 IST" finished-at="2020-04-18T21:07:20 IST">
          <reporter-output>
          </reporter-output>
        </test-method> <!-- afterClass -->
        <test-method status="PASS" signature="tearDown()[pri:0, instance:com.qa.linkedin.testcase.SearchPeopleTest@345965f2]" name="tearDown" is-config="true" duration-ms="4566" started-at="2020-04-18T21:07:20 IST" finished-at="2020-04-18T21:07:24 IST">
          <reporter-output>
          </reporter-output>
        </test-method> <!-- tearDown -->
      </class> <!-- com.qa.linkedin.testcase.SearchPeopleTest -->
    </test> <!-- linkedinTest -->
  </suite> <!-- linkedinSuite -->
</testng-results>
